*** Starting uWSGI 2.0.17 (64bit) on [Fri Apr  6 15:11:12 2018] ***
compiled with version: 5.4.0 20160609 on 06 April 2018 07:10:19
os: Linux-4.4.0-31-generic #50-Ubuntu SMP Wed Jul 13 00:07:12 UTC 2016
nodename: ubuntu
machine: x86_64
clock source: unix
pcre jit disabled
detected number of CPU cores: 1
current working directory: /home/python/DailyFresh
writing pidfile to uwsgi.pid
detected binary path: /home/python/.virtualenvs/django_py3/bin/uwsgi
chdir() to /home/python/DailyFresh
your processes number limit is 7775
your memory page size is 4096 bytes
detected max file descriptor number: 1048576
lock engine: pthread robust mutexes
thunder lock: disabled (you can enable it with --thunder-lock)
uWSGI http bound on 127.0.0.1:8080 fd 4
uwsgi socket 0 bound to TCP address 127.0.0.1:39349 (port auto-assigned) fd 3
Python version: 3.5.2 (default, Nov 23 2017, 16:37:01)  [GCC 5.4.0 20160609]
Set PythonHome to /home/python/.virtualenvs/django_py3
Python main interpreter initialized at 0x2104640
python threads support enabled
your server socket listen backlog is limited to 100 connections
your mercy for graceful operations on workers is 60 seconds
mapped 416880 bytes (407 KB) for 8 cores
*** Operational MODE: preforking+threaded ***
WSGI app 0 (mountpoint='') ready in 5 seconds on interpreter 0x2104640 pid: 4872 (default app)
*** uWSGI is running in multiple interpreter mode ***
spawned uWSGI master process (pid: 4872)
spawned uWSGI worker 1 (pid: 4888, cores: 2)
spawned uWSGI worker 2 (pid: 4889, cores: 2)
spawned uWSGI worker 3 (pid: 4890, cores: 2)
spawned uWSGI worker 4 (pid: 4891, cores: 2)
spawned uWSGI http 1 (pid: 4892)
[pid: 4891|app: 0|req: 1/1] 127.0.0.1 () {38 vars in 665 bytes} [Fri Apr  6 15:13:14 2018] GET /cart/ => generated 0 bytes in 2127 msecs (HTTP/1.1 302) 4 headers in 162 bytes (1 switches on core 0)
[pid: 4891|app: 0|req: 2/2] 127.0.0.1 () {38 vars in 700 bytes} [Fri Apr  6 15:13:16 2018] GET /users/login?next=/cart/ => generated 2118 bytes in 218 msecs (HTTP/1.1 200) 4 headers in 224 bytes (1 switches on core 1)
[pid: 4891|app: 0|req: 3/3] 127.0.0.1 () {38 vars in 665 bytes} [Fri Apr  6 15:13:17 2018] GET /static/css/reset.css => generated 94 bytes in 167 msecs (HTTP/1.1 404) 2 headers in 80 bytes (1 switches on core 0)
[pid: 4890|app: 0|req: 2/4] 127.0.0.1 () {38 vars in 683 bytes} [Fri Apr  6 15:13:17 2018] GET /static/images/logo02.png => generated 98 bytes in 676 msecs (HTTP/1.1 404) 2 headers in 80 bytes (1 switches on core 1)
[pid: 4890|app: 0|req: 2/5] 127.0.0.1 () {38 vars in 663 bytes} [Fri Apr  6 15:13:17 2018] GET /static/css/main.css => generated 93 bytes in 682 msecs (HTTP/1.1 404) 2 headers in 80 bytes (1 switches on core 0)
[pid: 4891|app: 0|req: 4/6] 127.0.0.1 () {38 vars in 632 bytes} [Fri Apr  6 15:13:18 2018] GET /favicon.ico => generated 85 bytes in 2 msecs (HTTP/1.1 404) 2 headers in 80 bytes (1 switches on core 1)
